<?xml version="1.0" encoding="UTF-8"?>
<testng-results ignored="0" total="1" passed="1" failed="0" skipped="0">
  <reporter-output>
  </reporter-output>
  <suite started-at="2025-09-09T00:03:58 IST" name="Suite" finished-at="2025-09-09T00:04:04 IST" duration-ms="6411">
    <groups>
    </groups>
    <test started-at="2025-09-09T00:03:58 IST" name="MainTest" finished-at="2025-09-09T00:04:04 IST" duration-ms="6411">
      <class name="testscript.ManageNewsTest">
        <test-method is-config="true" signature="intialiseBrowser(java.lang.String)[pri:0, instance:testscript.ManageNewsTest@28701274]" started-at="2025-09-09T00:03:58 IST" name="intialiseBrowser" finished-at="2025-09-09T00:04:01 IST" duration-ms="2901" status="PASS">
          <params>
            <param index="0">
              <value>
                <![CDATA[chrome]]>
              </value>
            </param>
          </params>
          <reporter-output>
          </reporter-output>
        </test-method> <!-- intialiseBrowser -->
        <test-method signature="verifyWhetherTheUserIsAbleToCreateNews()[pri:0, instance:testscript.ManageNewsTest@28701274]" started-at="2025-09-09T00:04:01 IST" name="verifyWhetherTheUserIsAbleToCreateNews" finished-at="2025-09-09T00:04:04 IST" duration-ms="3259" status="PASS">
          <reporter-output>
          </reporter-output>
        </test-method> <!-- verifyWhetherTheUserIsAbleToCreateNews -->
        <test-method is-config="true" signature="afterMethod(org.testng.ITestResult)[pri:0, instance:testscript.ManageNewsTest@28701274]" started-at="2025-09-09T00:04:04 IST" name="afterMethod" finished-at="2025-09-09T00:04:04 IST" duration-ms="188" status="PASS">
          <params>
            <param index="0">
              <value>
                <![CDATA[[TestResult name=verifyWhetherTheUserIsAbleToCreateNews status=SUCCESS method=ManageNewsTest.verifyWhetherTheUserIsAbleToCreateNews()[pri:0, instance:testscript.ManageNewsTest@28701274] output={null}]]]>
              </value>
            </param>
          </params>
          <reporter-output>
          </reporter-output>
        </test-method> <!-- afterMethod -->
      </class> <!-- testscript.ManageNewsTest -->
    </test> <!-- MainTest -->
  </suite> <!-- Suite -->
</testng-results>
