<?xml version="1.0" encoding="UTF-8"?>
<!-- Generated by org.testng.reporters.JUnitXMLReporter -->
<testsuite ignored="2" hostname="DRISYA" failures="0" tests="1" name="AdminUserTest" time="6.543" errors="0" timestamp="2025-09-09T11:03:01 IST">
  <testcase classname="testscript.AdminUserTest" name="verifyWhetherTheUserIsAbleToCreateAdminUserInformation" time="3.592"/>
  <testcase classname="testscript.AdminUserTest" name="verifyWhetherTheUserIsAbleToSearchAdminUserInformation" time="0.0">
    <ignored/>
  </testcase> <!-- verifyWhetherTheUserIsAbleToSearchAdminUserInformation -->
  <testcase classname="testscript.AdminUserTest" name="verifyWetherTheUserIsAbleToDeleteAdminUserInformation" time="0.0">
    <ignored/>
  </testcase> <!-- verifyWetherTheUserIsAbleToDeleteAdminUserInformation -->
</testsuite> <!-- AdminUserTest -->
