<?xml version="1.0" encoding="UTF-8"?>
<!-- Generated by org.testng.reporters.JUnitXMLReporter -->
<testsuite ignored="3" hostname="DRISYA" failures="0" tests="1" name="LoginTest" time="4.607" errors="0" timestamp="2025-09-01T23:12:40 IST">
  <testcase classname="testscript.LoginTest" name="loginWithCorrectUsernameAndCorrectPasswords" time="0.81"/>
  <testcase classname="testscript.LoginTest" name="loginWithIncorrectUsernameAndCorrectPassword" time="0.0">
    <ignored/>
  </testcase> <!-- loginWithIncorrectUsernameAndCorrectPassword -->
  <testcase classname="testscript.LoginTest" name="loginWithCorrectUsernameAndIncorrectPassword" time="0.0">
    <ignored/>
  </testcase> <!-- loginWithCorrectUsernameAndIncorrectPassword -->
  <testcase classname="testscript.LoginTest" name="loginWithIncorrectUsernameAndIncorrectPassword" time="0.0">
    <ignored/>
  </testcase> <!-- loginWithIncorrectUsernameAndIncorrectPassword -->
</testsuite> <!-- LoginTest -->
