<?xml version="1.0" encoding="UTF-8"?>
<!-- Generated by org.testng.reporters.JUnitXMLReporter -->
<testsuite ignored="3" hostname="DRISYA" failures="0" tests="1" name="MainTest" time="4.863" errors="0" timestamp="2025-08-21T10:28:11 IST">
  <testcase classname="testscript.LoginTest" name="loginWithCorrectUsernameAndPassword" time="1.006"/>
  <testcase classname="testscript.LoginTest" name="loginWithIncorrectUsernameAndCorrectPassword" time="0.0">
    <ignored/>
  </testcase> <!-- loginWithIncorrectUsernameAndCorrectPassword -->
  <testcase classname="testscript.LoginTest" name="loginWithIncorrectUsernameAndIncorrectPassword" time="0.0">
    <ignored/>
  </testcase> <!-- loginWithIncorrectUsernameAndIncorrectPassword -->
  <testcase classname="testscript.LoginTest" name="loginWithCorrectUsernameAndIncorrectPassword" time="0.0">
    <ignored/>
  </testcase> <!-- loginWithCorrectUsernameAndIncorrectPassword -->
</testsuite> <!-- MainTest -->
