<?xml version="1.0" encoding="UTF-8"?>
<!-- Generated by org.testng.reporters.JUnitXMLReporter -->
<testsuite ignored="4" hostname="DRISYA" failures="0" tests="0" time="0.018" errors="0" timestamp="2025-09-08T14:05:54 IST">
  <testcase classname="testscript.LoginTest" name="loginWithIncorrectUsernameAndCorrectPassword" time="0.0">
    <ignored/>
  </testcase> <!-- loginWithIncorrectUsernameAndCorrectPassword -->
  <testcase classname="testscript.LoginTest" name="loginWithCorrectUsernameAndCorrectPasswords" time="0.0">
    <ignored/>
  </testcase> <!-- loginWithCorrectUsernameAndCorrectPasswords -->
  <testcase classname="testscript.LoginTest" name="loginWithCorrectUsernameAndIncorrectPassword" time="0.0">
    <ignored/>
  </testcase> <!-- loginWithCorrectUsernameAndIncorrectPassword -->
  <testcase classname="testscript.LoginTest" name="loginWithIncorrectUsernameAndIncorrectPassword" time="0.0">
    <ignored/>
  </testcase> <!-- loginWithIncorrectUsernameAndIncorrectPassword -->
</testsuite>
