<?xml version="1.0" encoding="UTF-8"?>
<!-- Generated by org.testng.reporters.JUnitXMLReporter -->
<testsuite ignored="1" hostname="DRISYA" failures="0" tests="1" name="ManageCategoryTest" time="6.15" errors="0" timestamp="2025-09-03T23:32:08 IST">
  <testcase classname="testscript.ManageCategoryTest" name="verifyWhetherTheUserIsAbleToDeleteCategory" time="2.607"/>
  <testcase classname="testscript.ManageCategoryTest" name="verifyWhetherTheUserIsAbleToCreateACategory" time="0.0">
    <ignored/>
  </testcase> <!-- verifyWhetherTheUserIsAbleToCreateACategory -->
</testsuite> <!-- ManageCategoryTest -->
