<?xml version="1.0" encoding="UTF-8"?>
<!-- Generated by org.testng.reporters.JUnitXMLReporter -->
<testsuite ignored="3" hostname="DRISYA" failures="0" tests="1" name="SmokeTests" time="3.626" errors="0" timestamp="2025-09-08T13:58:01 IST">
  <testcase classname="testscript.LoginTest" name="loginWithCorrectUsernameAndCorrectPasswords" time="0.914"/>
  <testcase classname="testscript.LoginTest" name="loginWithIncorrectUsernameAndIncorrectPassword" time="0.0">
    <ignored/>
  </testcase> <!-- loginWithIncorrectUsernameAndIncorrectPassword -->
  <testcase classname="testscript.LoginTest" name="loginWithCorrectUsernameAndIncorrectPassword" time="0.0">
    <ignored/>
  </testcase> <!-- loginWithCorrectUsernameAndIncorrectPassword -->
  <testcase classname="testscript.LoginTest" name="loginWithIncorrectUsernameAndCorrectPassword" time="0.0">
    <ignored/>
  </testcase> <!-- loginWithIncorrectUsernameAndCorrectPassword -->
</testsuite> <!-- SmokeTests -->
