<?xml version="1.0" encoding="UTF-8"?>
<!-- Generated by org.testng.reporters.JUnitXMLReporter -->
<testsuite ignored="0" hostname="DRISYA" failures="1" tests="2" name="FirefoxTest" time="14.626" errors="0" timestamp="2025-09-08T14:00:33 IST">
  <testcase classname="testscript.HomePageTest" name="verifyWhetherTheUserIsAbleToLogout" time="1.721"/>
  <testcase classname="testscript.ManageContactTest" name="verifyWhetherTheUserIsAbleToUpdateManageContact" time="0.003">
    <failure type="java.lang.NoClassDefFoundError" message="Could not initialize class org.apache.poi.xssf.usermodel.XSSFWorkbook">
      <![CDATA[java.lang.NoClassDefFoundError: Could not initialize class org.apache.poi.xssf.usermodel.XSSFWorkbook
at utilities.ExcelUtility.getStringData(ExcelUtility.java:21)
at testscript.ManageContactTest.verifyWhetherTheUserIsAbleToUpdateManageContact(ManageContactTest.java:22)
at java.base/java.util.ArrayList.forEach(ArrayList.java:1511)
at java.base/java.util.concurrent.FutureTask.run(FutureTask.java:264)
at java.base/java.util.concurrent.ThreadPoolExecutor.runWorker(ThreadPoolExecutor.java:1136)
at java.base/java.util.concurrent.ThreadPoolExecutor$Worker.run(ThreadPoolExecutor.java:635)
at java.base/java.lang.Thread.run(Thread.java:842)
Caused by: java.lang.ExceptionInInitializerError: Exception java.lang.NoClassDefFoundError: Could not initialize class org.apache.logging.log4j.core.impl.ThreadContextDataInjector [in thread "TestNG-tests-1"]
at org.apache.logging.log4j.core.impl.ThreadContextDataInjector$ForCopyOnWriteThreadContextMap.<init>(ThreadContextDataInjector.java:220)
at org.apache.logging.log4j.core.impl.ContextDataInjectorFactory.createDefaultInjector(ContextDataInjectorFactory.java:94)
at org.apache.logging.log4j.core.impl.ContextDataInjectorFactory.createInjector(ContextDataInjectorFactory.java:71)
at org.apache.logging.log4j.core.impl.ReusableLogEventFactory.<init>(ReusableLogEventFactory.java:42)
at org.apache.logging.log4j.core.config.LoggerConfig.<clinit>(LoggerConfig.java:101)
at org.apache.logging.log4j.core.config.AbstractConfiguration.<init>(AbstractConfiguration.java:136)
at org.apache.logging.log4j.core.config.NullConfiguration.<init>(NullConfiguration.java:32)
at org.apache.logging.log4j.core.LoggerContext.<clinit>(LoggerContext.java:74)
at org.apache.logging.log4j.core.selector.ClassLoaderContextSelector.createContext(ClassLoaderContextSelector.java:254)
at org.apache.logging.log4j.core.selector.ClassLoaderContextSelector.locateContext(ClassLoaderContextSelector.java:218)
at org.apache.logging.log4j.core.selector.ClassLoaderContextSelector.getContext(ClassLoaderContextSelector.java:136)
at org.apache.logging.log4j.core.selector.ClassLoaderContextSelector.getContext(ClassLoaderContextSelector.java:123)
at org.apache.logging.log4j.core.selector.ClassLoaderContextSelector.getContext(ClassLoaderContextSelector.java:117)
at org.apache.logging.log4j.core.impl.Log4jContextFactory.getContext(Log4jContextFactory.java:150)
at org.apache.logging.log4j.core.impl.Log4jContextFactory.getContext(Log4jContextFactory.java:47)
at org.apache.logging.log4j.LogManager.getContext(LogManager.java:196)
at org.apache.logging.log4j.LogManager.getLogger(LogManager.java:599)
at org.apache.poi.ooxml.POIXMLDocumentPart.<clinit>(POIXMLDocumentPart.java:56)
... 24 more
... Removed 17 stack frames]]>
    </failure>
  </testcase> <!-- verifyWhetherTheUserIsAbleToUpdateManageContact -->
</testsuite> <!-- FirefoxTest -->
