<?xml version="1.0" encoding="UTF-8"?>
<!-- Generated by org.testng.reporters.JUnitXMLReporter -->
<testsuite ignored="0" hostname="DRISYA" failures="0" tests="2" name="FirefoxTest" time="18.474" errors="0" timestamp="2025-09-08T23:23:59 IST">
  <testcase classname="testscript.HomePageTest" name="verifyWhetherTheUserIsAbleToLogout" time="1.292"/>
  <testcase classname="testscript.ManageContactTest" name="verifyWhetherTheUserIsAbleToUpdateManageContact" time="2.892"/>
</testsuite> <!-- FirefoxTest -->
